[22:53:36] [ServerMain/INFO]: [bootstrap] Running Java 21 (OpenJDK 64-Bit Server VM 21.0.8+9-Ubuntu-0ubuntu124.04.1; Ubuntu null) on Linux 6.8.0-1030-azure (amd64)
[22:53:36] [ServerMain/INFO]: [bootstrap] Loading Paper 1.21.8-6-main@782ce95 (2025-07-18T20:26:58Z) for Minecraft 1.21.8
[22:53:36] [ServerMain/INFO]: [PluginInitializerManager] Initializing plugins...
[22:53:37] [ServerMain/INFO]: [PluginInitializerManager] Initialized 3 plugins
[22:53:37] [ServerMain/INFO]: [PluginInitializerManager] Bukkit plugins (3):
 - Geyser-Spigot (2.8.3-SNAPSHOT), ViaVersion (5.4.2), floodgate (2.2.4-SNAPSHOT (b118-40d320a))
[22:53:41] [ServerMain/INFO]: Environment: Environment[sessionHost=https://sessionserver.mojang.com, servicesHost=https://api.minecraftservices.com, name=PROD]
[22:53:43] [ServerMain/INFO]: Loaded 1407 recipes
[22:53:43] [ServerMain/INFO]: Loaded 1520 advancements
[22:53:43] [ServerMain/INFO]: [ca.spottedleaf.dataconverter.minecraft.datatypes.MCTypeRegistry] Initialising converters for DataConverter...
[22:53:44] [ServerMain/INFO]: [ca.spottedleaf.dataconverter.minecraft.datatypes.MCTypeRegistry] Finished initialising converters for DataConverter in 399.3ms
[22:53:44] [Server thread/INFO]: Starting minecraft server version 1.21.8
[22:53:44] [Server thread/INFO]: Loading properties
[22:53:44] [Server thread/INFO]: This server is running Paper version 1.21.8-6-main@782ce95 (2025-07-18T20:26:58Z) (Implementing API version 1.21.8-R0.1-SNAPSHOT)
[22:53:44] [Server thread/INFO]: [spark] This server bundles the spark profiler. For more information please visit https://docs.papermc.io/paper/profiling
[22:53:44] [Server thread/INFO]: Server Ping Player Sample Count: 12
[22:53:44] [Server thread/INFO]: Using 4 threads for Netty based IO
[22:53:45] [Server thread/INFO]: [MoonriseCommon] Paper is using 1 worker threads, 1 I/O threads
[22:53:45] [Server thread/INFO]: [ChunkTaskScheduler] Chunk system is using population gen parallelism: true
[22:53:46] [Server thread/INFO]: Default game type: SURVIVAL
[22:53:46] [Server thread/INFO]: Generating keypair
[22:53:46] [Server thread/INFO]: Starting Minecraft server on *:25565
[22:53:46] [Server thread/INFO]: Using epoll channel type
[22:53:46] [Server thread/INFO]: Paper: Using libdeflate (Linux x86_64) compression from Velocity.
[22:53:46] [Server thread/INFO]: Paper: Using OpenSSL 3.x.x (Linux x86_64) cipher from Velocity.
[22:53:47] [Server thread/INFO]: [floodgate] Loading server plugin floodgate v2.2.4-SNAPSHOT (b118-40d320a)
[22:53:48] [Server thread/WARN]: [floodgate] en_ is not a supported Floodgate language.
[22:53:48] [Server thread/INFO]: [floodgate] Took 891ms to boot Floodgate
[22:53:48] [Server thread/INFO]: [ViaVersion] Loading server plugin ViaVersion v5.4.2
[22:53:48] [Server thread/INFO]: [ViaVersion] ViaVersion 5.4.2 is now loaded. Registering protocol transformers and injecting...
[22:53:48] [Via-Mappingloader-0/INFO]: [ViaVersion] Loading block connection mappings ...
[22:53:48] [Via-Mappingloader-0/INFO]: [ViaVersion] Using FastUtil Long2ObjectOpenHashMap for block connections
[22:53:49] [Server thread/INFO]: [Geyser-Spigot] Loading server plugin Geyser-Spigot v2.8.3-SNAPSHOT
[22:53:49] [Server thread/INFO]: [Geyser-Spigot] Loading extensions...
[22:53:49] [Server thread/INFO]: [Geyser-Spigot] Loaded 0 extension(s)
[22:53:49] [Server thread/INFO]: Server permissions file permissions.yml is empty, ignoring it
[22:53:49] [Server thread/WARN]: **** SERVER IS RUNNING IN OFFLINE/INSECURE MODE!
[22:53:49] [Server thread/WARN]: The server will make no attempt to authenticate usernames. Beware.
[22:53:49] [Server thread/WARN]: While this makes the game possible to play without internet access, it also opens up the ability for hackers to connect with any username they choose.
[22:53:49] [Server thread/WARN]: To change this, set "online-mode" to "true" in the server.properties file.
[22:53:49] [Server thread/INFO]: Preparing level "world"
[22:53:50] [Server thread/INFO]: Preparing start region for dimension minecraft:overworld
[22:53:50] [Server thread/INFO]: Preparing spawn area: 0%
[22:53:50] [Server thread/INFO]: Preparing spawn area: 2%
[22:53:51] [Server thread/INFO]: Preparing spawn area: 6%
[22:53:51] [Server thread/INFO]: Time elapsed: 1160 ms
[22:53:51] [Server thread/INFO]: Preparing start region for dimension minecraft:the_nether
[22:53:51] [Server thread/INFO]: Preparing spawn area: 0%
[22:53:51] [Server thread/INFO]: Time elapsed: 253 ms
[22:53:51] [Server thread/INFO]: Preparing start region for dimension minecraft:the_end
[22:53:51] [Server thread/INFO]: Preparing spawn area: 0%
[22:53:51] [Server thread/INFO]: Time elapsed: 132 ms
[22:53:51] [Server thread/INFO]: [floodgate] Enabling floodgate v2.2.4-SNAPSHOT (b118-40d320a)
[22:53:52] [Server thread/INFO]: [ViaVersion] Enabling ViaVersion v5.4.2
[22:53:52] [Server thread/INFO]: [ViaVersion] ViaVersion detected server version: 1.21.7-1.21.8 (772)
[22:53:52] [Server thread/WARN]: [ViaVersion] ViaVersion does not have any compatible versions for this server version!
[22:53:52] [Server thread/WARN]: [ViaVersion] ViaVersion only supports newer client versions. Use ViaBackwards to allow older versions (ViaRewind for 1.7/1.8) to join.
[22:53:52] [Server thread/WARN]: [ViaVersion] Get setup help at https://viaversion.com/setup or download ViaBackwards/ViaRewind directly at https://ci.viaversion.com/
[22:53:52] [Server thread/WARN]: [ViaVersion] Need more help? Join our Discord at https://viaversion.com/discord
[22:53:52] [Server thread/INFO]: [Geyser-Spigot] Enabling Geyser-Spigot v2.8.3-SNAPSHOT
[22:53:53] [Server thread/INFO]: [spark] Starting background profiler...
[22:53:54] [Server thread/INFO]: [Geyser-Spigot] ******************************************
[22:53:54] [Server thread/INFO]: [Geyser-Spigot] 
[22:53:54] [Server thread/INFO]: [Geyser-Spigot] Loading Geyser version 2.8.3-b917 (git-master-1dc3f41)
[22:53:54] [Server thread/INFO]: [Geyser-Spigot] 
[22:53:54] [Server thread/INFO]: [Geyser-Spigot] ******************************************
[22:53:57] [GeyserServer-3-1/INFO]: [Geyser-Spigot] Started Geyser on UDP port 2024
[22:53:57] [Server thread/INFO]: [Geyser-Spigot] Done (3.743s)! Run /geyser help for help!
[22:53:57] [Server thread/INFO]: Done preparing level "world" (8.211s)
[22:53:57] [Server thread/INFO]: Running delayed init tasks
[22:53:57] [Craft Scheduler Thread - 2 - ViaVersion/INFO]: [ViaVersion] Finished mapping loading, shutting down loader executor.
[22:53:57] [Server thread/INFO]: Done (22.326s)! For help, type "help"
[22:54:55] [User Authenticator #0/INFO]: UUID of player gordopancho10_v2 is 46f21e95-0b47-3724-aea1-1cdd8c011716
[22:54:57] [Server thread/INFO]: gordopancho10_v2 joined the game
[22:54:57] [Server thread/INFO]: gordopancho10_v2[/127.55.177.116:35341] logged in with entity id 49 at ([world]-164.30000001192093, 55.0, 392.3446525340013)
[22:58:22] [GeyserServerChild-4-1/INFO]: [Geyser-Spigot] Player connected with username poupatata
[22:58:22] [localSession-7-2/INFO]: [Geyser-Spigot] poupatata (logged in as: poupatata) has connected to the Java server
[22:58:23] [Server thread/INFO]: [floodgate] Floodgate player logged in as .poupatata joined (UUID: 00000000-0000-0000-0009-01f04fa34cab)
[22:58:23] [Server thread/INFO]: .poupatata joined the game
[22:58:23] [Server thread/INFO]: .poupatata[/127.55.177.116:0] logged in with entity id 606 at ([world]-86.260056, 67.0, 48.010334)
[22:58:30] [Server thread/INFO]: .poupatata was blown up by Creeper
[22:58:44] [GeyserServerChild-4-1/INFO]: [Geyser-Spigot] poupatata has disconnected from the Java server because of Bedrock client disconnected
[22:58:44] [Geyser Spigot connection thread-6-3/INFO]: [floodgate] Floodgate player logged in as .poupatata disconnected
[22:58:44] [Server thread/INFO]: .poupatata lost connection: Disconnected
[22:58:44] [Server thread/INFO]: .poupatata left the game
[22:59:13] [Server thread/INFO]: gordopancho10_v2 lost connection: Disconnected
[22:59:13] [Server thread/INFO]: gordopancho10_v2 left the game
[23:00:13] [Server thread/INFO]: Server empty for 60 seconds, pausing
[23:04:51] [User Authenticator #1/INFO]: UUID of player gordopancho10_v2 is 46f21e95-0b47-3724-aea1-1cdd8c011716
[23:04:52] [Server thread/INFO]: gordopancho10_v2 joined the game
[23:04:52] [Server thread/INFO]: gordopancho10_v2[/127.55.177.116:58393] logged in with entity id 1198 at ([world]-169.69999998807907, 51.0, 392.30000001192093)
[23:06:44] [GeyserServerChild-4-2/INFO]: [Geyser-Spigot] Player connected with username poupatata
[23:06:44] [localSession-7-3/INFO]: [Geyser-Spigot] poupatata (logged in as: poupatata) has connected to the Java server
[23:06:44] [Server thread/INFO]: [floodgate] Floodgate player logged in as .poupatata joined (UUID: 00000000-0000-0000-0009-01f04fa34cab)
[23:06:44] [Server thread/INFO]: .poupatata joined the game
[23:06:44] [Server thread/INFO]: .poupatata[/127.55.177.116:0] logged in with entity id 1557 at ([world]-7.192465, 69.0, 11.76322)
[23:08:11] [Server thread/INFO]: Made gordopancho10_v2 a server operator
[23:08:27] [Server thread/INFO]: gordopancho10_v2 issued server command: /tp .poupatata
[23:08:27] [Server thread/INFO]: [gordopancho10_v2: Teleported gordopancho10_v2 to .poupatata]
[23:09:53] [Server thread/INFO]: gordopancho10_v2 issued server command: /gamemode c
[23:09:58] [Server thread/INFO]: gordopancho10_v2 issued server command: /gamemode creative
[23:09:58] [Server thread/INFO]: [gordopancho10_v2: Set own game mode to Creative Mode]
[23:10:09] [GeyserServerChild-4-2/INFO]: [Geyser-Spigot] poupatata has disconnected from the Java server because of Bedrock client disconnected
[23:10:09] [Geyser Spigot connection thread-6-4/INFO]: [floodgate] Floodgate player logged in as .poupatata disconnected
[23:10:09] [Server thread/INFO]: .poupatata lost connection: Disconnected
[23:10:09] [Server thread/INFO]: .poupatata left the game
[23:11:43] [Server thread/INFO]: gordopancho10_v2 issued server command: /gamerule keepInventory
[23:12:01] [Server thread/INFO]: gordopancho10_v2 issued server command: /gamerule keepInventory true
[23:12:01] [Server thread/INFO]: [gordopancho10_v2: Gamerule keepInventory is now set to: true]
[23:12:10] [Server thread/INFO]: gordopancho10_v2 issued server command: /gamemode survival
[23:12:10] [Server thread/INFO]: [gordopancho10_v2: Set own game mode to Survival Mode]
[23:12:47] [Server thread/INFO]: gordopancho10_v2 issued server command: /kill @s
[23:12:47] [Server thread/INFO]: gordopancho10_v2 was killed
[23:12:47] [Server thread/INFO]: [gordopancho10_v2: Killed gordopancho10_v2]
[23:12:54] [Server thread/WARN]: [ca.spottedleaf.moonrise.patches.chunk_system.level.entity.EntityLookup] Entity uuid already exists: 2adc84bf-d2e1-46d2-968a-86e37fab90dc, mapped to Cow['Cow'/2659, uuid='2adc84bf-d2e1-46d2-968a-86e37fab90dc', l='ServerLevel[world]', x=-251.79, y=96.00, z=815.47, cpos=[-16, 50], tl=0, v=true], can't add Cow['Cow'/2677, uuid='2adc84bf-d2e1-46d2-968a-86e37fab90dc', l='ServerLevel[world]', x=-252.18, y=96.00, z=816.04, cpos=[-16, 51], tl=0, v=false]
[23:13:33] [Server thread/INFO]: gordopancho10_v2 lost connection: Disconnected
[23:13:33] [Server thread/INFO]: gordopancho10_v2 left the game
[23:14:33] [Server thread/INFO]: Server empty for 60 seconds, pausing
[23:14:40] [Server thread/INFO]: Stopping the server
[23:14:40] [Server thread/INFO]: Stopping server
[23:14:40] [Server thread/INFO]: [Geyser-Spigot] Disabling Geyser-Spigot v2.8.3-SNAPSHOT
[23:14:40] [Server thread/INFO]: [Geyser-Spigot] Shutting down Geyser.
[23:14:40] [Server thread/INFO]: [Geyser-Spigot] Geyser shutdown successfully.
[23:14:40] [Server thread/INFO]: [ViaVersion] Disabling ViaVersion v5.4.2
[23:14:40] [Server thread/INFO]: [ViaVersion] ViaVersion has been disabled; uninjected the platform and shut down the scheduler.
[23:14:40] [Server thread/INFO]: [floodgate] Disabling floodgate v2.2.4-SNAPSHOT (b118-40d320a)
[23:14:40] [Server thread/INFO]: Saving players
[23:14:40] [Server thread/INFO]: Saving worlds
[23:14:40] [Server thread/INFO]: Saving chunks for level 'ServerLevel[world]'/minecraft:overworld
[23:14:40] [WebSocketConnectReadThread-84/INFO]: [Geyser-Spigot] The skin uploader has been closed
[23:14:40] [Server thread/INFO]: [ChunkHolderManager] Waiting 60s for chunk system to halt for world 'world'
[23:14:40] [Server thread/INFO]: [ChunkHolderManager] Halted chunk system for world 'world'
[23:14:40] [Server thread/INFO]: [ChunkHolderManager] Saving all chunkholders for world 'world'
[23:14:40] [Server thread/INFO]: [ChunkHolderManager] Saved 0 block chunks, 110 entity chunks, 0 poi chunks in world 'world' in 0.02s
[23:14:40] [Server thread/INFO]: [ChunkHolderManager] Waiting 60s for chunk I/O to halt for world 'world'
[23:14:40] [Server thread/INFO]: [ChunkHolderManager] Halted I/O scheduler for world 'world'
[23:14:40] [Server thread/INFO]: Saving chunks for level 'ServerLevel[world_nether]'/minecraft:the_nether
[23:14:40] [Server thread/INFO]: [ChunkHolderManager] Waiting 60s for chunk system to halt for world 'world_nether'
[23:14:40] [Server thread/INFO]: [ChunkHolderManager] Halted chunk system for world 'world_nether'
[23:14:40] [Server thread/INFO]: [ChunkHolderManager] Saving all chunkholders for world 'world_nether'
[23:14:40] [Server thread/INFO]: [ChunkHolderManager] Saved 0 block chunks, 2 entity chunks, 0 poi chunks in world 'world_nether' in 0.00s
[23:14:40] [Server thread/INFO]: [ChunkHolderManager] Waiting 60s for chunk I/O to halt for world 'world_nether'
[23:14:40] [Server thread/INFO]: [ChunkHolderManager] Halted I/O scheduler for world 'world_nether'
[23:14:40] [Server thread/INFO]: Saving chunks for level 'ServerLevel[world_the_end]'/minecraft:the_end
[23:14:40] [Server thread/INFO]: [ChunkHolderManager] Waiting 60s for chunk system to halt for world 'world_the_end'
[23:14:40] [Server thread/INFO]: [ChunkHolderManager] Halted chunk system for world 'world_the_end'
[23:14:40] [Server thread/INFO]: [ChunkHolderManager] Saving all chunkholders for world 'world_the_end'
[23:14:40] [Server thread/INFO]: [ChunkHolderManager] Saved 0 block chunks, 10 entity chunks, 0 poi chunks in world 'world_the_end' in 0.00s
[23:14:40] [Server thread/INFO]: [ChunkHolderManager] Waiting 60s for chunk I/O to halt for world 'world_the_end'
[23:14:40] [Server thread/INFO]: [ChunkHolderManager] Halted I/O scheduler for world 'world_the_end'
[23:14:40] [Server thread/INFO]: ThreadedAnvilChunkStorage (world): All chunks are saved
[23:14:40] [Server thread/INFO]: ThreadedAnvilChunkStorage (DIM-1): All chunks are saved
[23:14:40] [Server thread/INFO]: ThreadedAnvilChunkStorage (DIM1): All chunks are saved
[23:14:40] [Server thread/INFO]: ThreadedAnvilChunkStorage: All dimensions are saved
[23:14:40] [Server thread/INFO]: Waiting for all RegionFile I/O tasks to complete...
[23:14:40] [Server thread/INFO]: All RegionFile I/O tasks to complete
[23:14:40] [Server thread/INFO]: [MoonriseCommon] Awaiting termination of worker pool for up to 60s...
[23:14:40] [Server thread/INFO]: [MoonriseCommon] Awaiting termination of I/O pool for up to 60s...
